Invalid HTTP_HOST header: 'ip-172-31-3-61.ca-central-1.compute.internal:8001'. You may need to add 'ip-172-31-3-61.ca-central-1.compute.internal' to ALLOWED_HOSTS.
Invalid HTTP_HOST header: 'ip-172-31-3-61.ca-central-1.compute.internal:8001'. You may need to add 'ip-172-31-3-61.ca-central-1.compute.internal' to ALLOWED_HOSTS.
Invalid HTTP_HOST header: 'hotmail-com.olc.protection.outlook.com:25'. You may need to add 'hotmail-com.olc.protection.outlook.com' to ALLOWED_HOSTS.
Invalid HTTP_HOST header: '85.206.160.115:80'. You may need to add '85.206.160.115' to ALLOWED_HOSTS.
Invalid HTTP_HOST header: 'ip-172-31-3-61.ca-central-1.compute.internal:8001'. You may need to add 'ip-172-31-3-61.ca-central-1.compute.internal' to ALLOWED_HOSTS.
Invalid HTTP_HOST header: 'ip-172-31-3-61.ca-central-1.compute.internal:8001'. You may need to add 'ip-172-31-3-61.ca-central-1.compute.internal' to ALLOWED_HOSTS.
Invalid HTTP_HOST header: 'ip-172-31-3-61.ca-central-1.compute.internal:8001'. You may need to add 'ip-172-31-3-61.ca-central-1.compute.internal' to ALLOWED_HOSTS.
Invalid HTTP_HOST header: 'ip-172-31-3-61.ca-central-1.compute.internal:8001'. You may need to add 'ip-172-31-3-61.ca-central-1.compute.internal' to ALLOWED_HOSTS.
Invalid HTTP_HOST header: 'ip-172-31-3-61.ca-central-1.compute.internal:8001'. You may need to add 'ip-172-31-3-61.ca-central-1.compute.internal' to ALLOWED_HOSTS.
Invalid HTTP_HOST header: 'ip-172-31-3-61.ca-central-1.compute.internal:8001'. You may need to add 'ip-172-31-3-61.ca-central-1.compute.internal' to ALLOWED_HOSTS.
Invalid HTTP_HOST header: 'ip-172-31-3-61.ca-central-1.compute.internal:8001'. You may need to add 'ip-172-31-3-61.ca-central-1.compute.internal' to ALLOWED_HOSTS.
Invalid HTTP_HOST header: 'ip-172-31-3-61.ca-central-1.compute.internal:8001'. You may need to add 'ip-172-31-3-61.ca-central-1.compute.internal' to ALLOWED_HOSTS.
Invalid HTTP_HOST header: 'ip-172-31-3-61.ca-central-1.compute.internal:8001'. You may need to add 'ip-172-31-3-61.ca-central-1.compute.internal' to ALLOWED_HOSTS.
Invalid HTTP_HOST header: 'ip-172-31-3-61.ca-central-1.compute.internal:8001'. You may need to add 'ip-172-31-3-61.ca-central-1.compute.internal' to ALLOWED_HOSTS.
Invalid HTTP_HOST header: 'ip-172-31-3-61.ca-central-1.compute.internal:8001'. You may need to add 'ip-172-31-3-61.ca-central-1.compute.internal' to ALLOWED_HOSTS.
Invalid HTTP_HOST header: 'www'. You may need to add 'www' to ALLOWED_HOSTS.
Invalid HTTP_HOST header: 'ip-172-31-3-61.ca-central-1.compute.internal:8001'. You may need to add 'ip-172-31-3-61.ca-central-1.compute.internal' to ALLOWED_HOSTS.
Invalid HTTP_HOST header: 'ip-172-31-3-61.ca-central-1.compute.internal:8001'. You may need to add 'ip-172-31-3-61.ca-central-1.compute.internal' to ALLOWED_HOSTS.
Invalid HTTP_HOST header: 'ip-172-31-3-61.ca-central-1.compute.internal:8001'. You may need to add 'ip-172-31-3-61.ca-central-1.compute.internal' to ALLOWED_HOSTS.
Invalid HTTP_HOST header: 'ip-172-31-3-61.ca-central-1.compute.internal:8001'. You may need to add 'ip-172-31-3-61.ca-central-1.compute.internal' to ALLOWED_HOSTS.
Invalid HTTP_HOST header: 'ip-172-31-3-61.ca-central-1.compute.internal:8001'. You may need to add 'ip-172-31-3-61.ca-central-1.compute.internal' to ALLOWED_HOSTS.
Invalid HTTP_HOST header: 'www'. You may need to add 'www' to ALLOWED_HOSTS.
Invalid HTTP_HOST header: 'ip-172-31-3-61.ca-central-1.compute.internal:8001'. You may need to add 'ip-172-31-3-61.ca-central-1.compute.internal' to ALLOWED_HOSTS.
Invalid HTTP_HOST header: 'ip-172-31-3-61.ca-central-1.compute.internal:8001'. You may need to add 'ip-172-31-3-61.ca-central-1.compute.internal' to ALLOWED_HOSTS.
Invalid HTTP_HOST header: 'ip.bablosoft.com:443'. You may need to add 'ip.bablosoft.com' to ALLOWED_HOSTS.
Invalid HTTP_HOST header: 'ip.bablosoft.com'. You may need to add 'ip.bablosoft.com' to ALLOWED_HOSTS.
Invalid HTTP_HOST header: 'ip.bablosoft.com:443'. You may need to add 'ip.bablosoft.com' to ALLOWED_HOSTS.
Invalid HTTP_HOST header: 'ip.bablosoft.com'. You may need to add 'ip.bablosoft.com' to ALLOWED_HOSTS.
Invalid HTTP_HOST header: 'ip-172-31-3-61.ca-central-1.compute.internal:8001'. You may need to add 'ip-172-31-3-61.ca-central-1.compute.internal' to ALLOWED_HOSTS.
Invalid HTTP_HOST header: 'ip.bablosoft.com:443'. You may need to add 'ip.bablosoft.com' to ALLOWED_HOSTS.
Invalid HTTP_HOST header: 'ip.bablosoft.com'. You may need to add 'ip.bablosoft.com' to ALLOWED_HOSTS.
Invalid HTTP_HOST header: 'api.ipify.org:443'. You may need to add 'api.ipify.org' to ALLOWED_HOSTS.
Invalid HTTP_HOST header: 'api.ipify.org'. You may need to add 'api.ipify.org' to ALLOWED_HOSTS.
Invalid HTTP_HOST header: 'api.ipify.org:443'. You may need to add 'api.ipify.org' to ALLOWED_HOSTS.
Invalid HTTP_HOST header: 'api.ipify.org'. You may need to add 'api.ipify.org' to ALLOWED_HOSTS.
Invalid HTTP_HOST header: 'ip-172-31-3-61.ca-central-1.compute.internal:8001'. You may need to add 'ip-172-31-3-61.ca-central-1.compute.internal' to ALLOWED_HOSTS.
Invalid HTTP_HOST header: 'check.best-proxies.ru:443'. You may need to add 'check.best-proxies.ru' to ALLOWED_HOSTS.
Invalid HTTP_HOST header: 'check.best-proxies.ru'. You may need to add 'check.best-proxies.ru' to ALLOWED_HOSTS.
Invalid HTTP_HOST header: 'ip-172-31-3-61.ca-central-1.compute.internal:8001'. You may need to add 'ip-172-31-3-61.ca-central-1.compute.internal' to ALLOWED_HOSTS.
Invalid HTTP_HOST header: 'ip-172-31-3-61.ca-central-1.compute.internal:8001'. You may need to add 'ip-172-31-3-61.ca-central-1.compute.internal' to ALLOWED_HOSTS.
Invalid HTTP_HOST header: 'ip-172-31-3-61.ca-central-1.compute.internal:8001'. You may need to add 'ip-172-31-3-61.ca-central-1.compute.internal' to ALLOWED_HOSTS.
Invalid HTTP_HOST header: 'www'. You may need to add 'www' to ALLOWED_HOSTS.
Invalid HTTP_HOST header: 'ip.bablosoft.com:443'. You may need to add 'ip.bablosoft.com' to ALLOWED_HOSTS.
Invalid HTTP_HOST header: 'ip.bablosoft.com'. You may need to add 'ip.bablosoft.com' to ALLOWED_HOSTS.
Invalid HTTP_HOST header: 'api.ipify.org:443'. You may need to add 'api.ipify.org' to ALLOWED_HOSTS.
Invalid HTTP_HOST header: 'api.ipify.org'. You may need to add 'api.ipify.org' to ALLOWED_HOSTS.
Invalid HTTP_HOST header: 'host64.ru:443'. You may need to add 'host64.ru' to ALLOWED_HOSTS.
Invalid HTTP_HOST header: 'host64.ru'. You may need to add 'host64.ru' to ALLOWED_HOSTS.
Invalid HTTP_HOST header: 'host64.ru:443'. You may need to add 'host64.ru' to ALLOWED_HOSTS.
Invalid HTTP_HOST header: 'host64.ru'. You may need to add 'host64.ru' to ALLOWED_HOSTS.
Invalid HTTP_HOST header: 'api.ipify.org:443'. You may need to add 'api.ipify.org' to ALLOWED_HOSTS.
Invalid HTTP_HOST header: 'api.ipify.org'. You may need to add 'api.ipify.org' to ALLOWED_HOSTS.
Invalid HTTP_HOST header: 'pv.sohu.com:443'. You may need to add 'pv.sohu.com' to ALLOWED_HOSTS.
Invalid HTTP_HOST header: 'pv.sohu.com'. You may need to add 'pv.sohu.com' to ALLOWED_HOSTS.
Invalid HTTP_HOST header: 'pv.sohu.com:443'. You may need to add 'pv.sohu.com' to ALLOWED_HOSTS.
Invalid HTTP_HOST header: 'pv.sohu.com:443'. You may need to add 'pv.sohu.com' to ALLOWED_HOSTS.
Invalid HTTP_HOST header: 'pv.sohu.com'. You may need to add 'pv.sohu.com' to ALLOWED_HOSTS.
Invalid HTTP_HOST header: 'pv.sohu.com:443'. You may need to add 'pv.sohu.com' to ALLOWED_HOSTS.
Invalid HTTP_HOST header: 'ip-172-31-3-61.ca-central-1.compute.internal:8001'. You may need to add 'ip-172-31-3-61.ca-central-1.compute.internal' to ALLOWED_HOSTS.
Invalid HTTP_HOST header: 'host64.ru:443'. You may need to add 'host64.ru' to ALLOWED_HOSTS.
Invalid HTTP_HOST header: 'host64.ru'. You may need to add 'host64.ru' to ALLOWED_HOSTS.
Invalid HTTP_HOST header: 'ip-172-31-3-61.ca-central-1.compute.internal:8001'. You may need to add 'ip-172-31-3-61.ca-central-1.compute.internal' to ALLOWED_HOSTS.
Invalid HTTP_HOST header: 'ip-172-31-3-61.ca-central-1.compute.internal:8001'. You may need to add 'ip-172-31-3-61.ca-central-1.compute.internal' to ALLOWED_HOSTS.
Invalid HTTP_HOST header: 'ip-172-31-3-61.ca-central-1.compute.internal:8001'. You may need to add 'ip-172-31-3-61.ca-central-1.compute.internal' to ALLOWED_HOSTS.
Invalid HTTP_HOST header: 'www'. You may need to add 'www' to ALLOWED_HOSTS.
Invalid HTTP_HOST header: 'pv.sohu.com:443'. You may need to add 'pv.sohu.com' to ALLOWED_HOSTS.
Invalid HTTP_HOST header: 'pv.sohu.com:443'. You may need to add 'pv.sohu.com' to ALLOWED_HOSTS.
Invalid HTTP_HOST header: 'pv.sohu.com'. You may need to add 'pv.sohu.com' to ALLOWED_HOSTS.
Invalid HTTP_HOST header: '110.242.68.4'. You may need to add '110.242.68.4' to ALLOWED_HOSTS.
Invalid HTTP_HOST header: 'ip-172-31-3-61.ca-central-1.compute.internal:8001'. You may need to add 'ip-172-31-3-61.ca-central-1.compute.internal' to ALLOWED_HOSTS.
Invalid HTTP_HOST header: 'api.ipify.org'. You may need to add 'api.ipify.org' to ALLOWED_HOSTS.
Invalid HTTP_HOST header: 'api.ipify.org:443'. You may need to add 'api.ipify.org' to ALLOWED_HOSTS.
Invalid HTTP_HOST header: 'api.ipify.org'. You may need to add 'api.ipify.org' to ALLOWED_HOSTS.
Invalid HTTP_HOST header: '127.0.0.1'. You may need to add '127.0.0.1' to ALLOWED_HOSTS.
Invalid HTTP_HOST header: 'check.best-proxies.ru:443'. You may need to add 'check.best-proxies.ru' to ALLOWED_HOSTS.
Invalid HTTP_HOST header: 'check.best-proxies.ru'. You may need to add 'check.best-proxies.ru' to ALLOWED_HOSTS.
Invalid HTTP_HOST header: 'ip.bablosoft.com:443'. You may need to add 'ip.bablosoft.com' to ALLOWED_HOSTS.
Invalid HTTP_HOST header: 'ip.bablosoft.com'. You may need to add 'ip.bablosoft.com' to ALLOWED_HOSTS.
Invalid HTTP_HOST header: 'ip-172-31-3-61.ca-central-1.compute.internal:8001'. You may need to add 'ip-172-31-3-61.ca-central-1.compute.internal' to ALLOWED_HOSTS.
Invalid HTTP_HOST header: '1.116.252.84:8001'. You may need to add '1.116.252.84' to ALLOWED_HOSTS.
Invalid HTTP_HOST header: 'check.best-proxies.ru:443'. You may need to add 'check.best-proxies.ru' to ALLOWED_HOSTS.
Invalid HTTP_HOST header: 'check.best-proxies.ru'. You may need to add 'check.best-proxies.ru' to ALLOWED_HOSTS.
Invalid HTTP_HOST header: 'ip-172-31-3-61.ca-central-1.compute.internal:8001'. You may need to add 'ip-172-31-3-61.ca-central-1.compute.internal' to ALLOWED_HOSTS.
Invalid HTTP_HOST header: 'opendata.baidu.com:443'. You may need to add 'opendata.baidu.com' to ALLOWED_HOSTS.
Invalid HTTP_HOST header: 'dianying.taobao.com'. You may need to add 'dianying.taobao.com' to ALLOWED_HOSTS.
Invalid HTTP_HOST header: 'qzone-music.qq.com:443'. You may need to add 'qzone-music.qq.com' to ALLOWED_HOSTS.
Invalid HTTP_HOST header: '110.242.68.4'. You may need to add '110.242.68.4' to ALLOWED_HOSTS.
Invalid HTTP_HOST header: 'host64.ru:443'. You may need to add 'host64.ru' to ALLOWED_HOSTS.
Invalid HTTP_HOST header: 'host64.ru'. You may need to add 'host64.ru' to ALLOWED_HOSTS.
Invalid HTTP_HOST header: 'api.ipify.org:443'. You may need to add 'api.ipify.org' to ALLOWED_HOSTS.
Invalid HTTP_HOST header: 'api.ipify.org'. You may need to add 'api.ipify.org' to ALLOWED_HOSTS.
Invalid HTTP_HOST header: 'api.ipify.org:443'. You may need to add 'api.ipify.org' to ALLOWED_HOSTS.
Invalid HTTP_HOST header: 'api.ipify.org'. You may need to add 'api.ipify.org' to ALLOWED_HOSTS.
Invalid HTTP_HOST header: 'ip.bablosoft.com'. You may need to add 'ip.bablosoft.com' to ALLOWED_HOSTS.
Invalid HTTP_HOST header: 'api.ipify.org:443'. You may need to add 'api.ipify.org' to ALLOWED_HOSTS.
Invalid HTTP_HOST header: 'api.ipify.org'. You may need to add 'api.ipify.org' to ALLOWED_HOSTS.
Invalid HTTP_HOST header: 'hotmail-com.olc.protection.outlook.com:25'. You may need to add 'hotmail-com.olc.protection.outlook.com' to ALLOWED_HOSTS.
Invalid HTTP_HOST header: '85.206.160.115:80'. You may need to add '85.206.160.115' to ALLOWED_HOSTS.
Invalid HTTP_HOST header: 'qzone-music.qq.com:443'. You may need to add 'qzone-music.qq.com' to ALLOWED_HOSTS.
Invalid HTTP_HOST header: 'opendata.baidu.com'. You may need to add 'opendata.baidu.com' to ALLOWED_HOSTS.
Invalid HTTP_HOST header: 'txt.go.sohu.com:443'. You may need to add 'txt.go.sohu.com' to ALLOWED_HOSTS.
Invalid HTTP_HOST header: 'host64.ru:443'. You may need to add 'host64.ru' to ALLOWED_HOSTS.
Invalid HTTP_HOST header: 'host64.ru'. You may need to add 'host64.ru' to ALLOWED_HOSTS.
Invalid HTTP_HOST header: 'ip-172-31-3-61.ca-central-1.compute.internal:8001'. You may need to add 'ip-172-31-3-61.ca-central-1.compute.internal' to ALLOWED_HOSTS.
Invalid HTTP_HOST header: 'api.ipify.org'. You may need to add 'api.ipify.org' to ALLOWED_HOSTS.
Invalid HTTP_HOST header: 'ip-172-31-3-61.ca-central-1.compute.internal:8001'. You may need to add 'ip-172-31-3-61.ca-central-1.compute.internal' to ALLOWED_HOSTS.
Invalid HTTP_HOST header: 'ip-172-31-3-61.ca-central-1.compute.internal:8001'. You may need to add 'ip-172-31-3-61.ca-central-1.compute.internal' to ALLOWED_HOSTS.
Invalid HTTP_HOST header: 'ip-172-31-3-61.ca-central-1.compute.internal:8001'. You may need to add 'ip-172-31-3-61.ca-central-1.compute.internal' to ALLOWED_HOSTS.
Invalid HTTP_HOST header: 'ip-172-31-3-61.ca-central-1.compute.internal:8001'. You may need to add 'ip-172-31-3-61.ca-central-1.compute.internal' to ALLOWED_HOSTS.
Invalid HTTP_HOST header: 'www'. You may need to add 'www' to ALLOWED_HOSTS.
Invalid HTTP_HOST header: 'qzone-music.qq.com:443'. You may need to add 'qzone-music.qq.com' to ALLOWED_HOSTS.
Invalid HTTP_HOST header: 'whois.pconline.com.cn'. You may need to add 'whois.pconline.com.cn' to ALLOWED_HOSTS.
Invalid HTTP_HOST header: 'txt.go.sohu.com:443'. You may need to add 'txt.go.sohu.com' to ALLOWED_HOSTS.
Invalid HTTP_HOST header: '110.242.68.4'. You may need to add '110.242.68.4' to ALLOWED_HOSTS.
Invalid HTTP_HOST header: 'ip-172-31-3-61.ca-central-1.compute.internal:8001'. You may need to add 'ip-172-31-3-61.ca-central-1.compute.internal' to ALLOWED_HOSTS.
Invalid HTTP_HOST header: 'ip-172-31-3-61.ca-central-1.compute.internal:8001'. You may need to add 'ip-172-31-3-61.ca-central-1.compute.internal' to ALLOWED_HOSTS.
Invalid HTTP_HOST header: 'ip-172-31-3-61.ca-central-1.compute.internal:8001'. You may need to add 'ip-172-31-3-61.ca-central-1.compute.internal' to ALLOWED_HOSTS.
Invalid HTTP_HOST header: 'www'. You may need to add 'www' to ALLOWED_HOSTS.
Invalid HTTP_HOST header: 'api.ipify.org:443'. You may need to add 'api.ipify.org' to ALLOWED_HOSTS.
Invalid HTTP_HOST header: 'api.ipify.org'. You may need to add 'api.ipify.org' to ALLOWED_HOSTS.
Invalid HTTP_HOST header: 'ip-172-31-3-61.ca-central-1.compute.internal:8001'. You may need to add 'ip-172-31-3-61.ca-central-1.compute.internal' to ALLOWED_HOSTS.
Invalid HTTP_HOST header: 'api.ipify.org:443'. You may need to add 'api.ipify.org' to ALLOWED_HOSTS.
Invalid HTTP_HOST header: 'api.ipify.org'. You may need to add 'api.ipify.org' to ALLOWED_HOSTS.
Invalid HTTP_HOST header: 'dianying.taobao.com'. You may need to add 'dianying.taobao.com' to ALLOWED_HOSTS.
Invalid HTTP_HOST header: 'zz.bdstatic.com:443'. You may need to add 'zz.bdstatic.com' to ALLOWED_HOSTS.
Invalid HTTP_HOST header: 'qzone-music.qq.com:443'. You may need to add 'qzone-music.qq.com' to ALLOWED_HOSTS.
Invalid HTTP_HOST header: 'check.best-proxies.ru:443'. You may need to add 'check.best-proxies.ru' to ALLOWED_HOSTS.
Invalid HTTP_HOST header: 'check.best-proxies.ru'. You may need to add 'check.best-proxies.ru' to ALLOWED_HOSTS.
Invalid HTTP_HOST header: 'ip-172-31-3-61.ca-central-1.compute.internal:8001'. You may need to add 'ip-172-31-3-61.ca-central-1.compute.internal' to ALLOWED_HOSTS.
Invalid HTTP_HOST header: 'dyn.epicgifs.net'. You may need to add 'dyn.epicgifs.net' to ALLOWED_HOSTS.
Invalid HTTP_HOST header: 'whois.pconline.com.cn:443'. You may need to add 'whois.pconline.com.cn' to ALLOWED_HOSTS.
Invalid HTTP_HOST header: 'whois.pconline.com.cn:443'. You may need to add 'whois.pconline.com.cn' to ALLOWED_HOSTS.
Invalid HTTP_HOST header: 'opendata.baidu.com'. You may need to add 'opendata.baidu.com' to ALLOWED_HOSTS.
Invalid HTTP_HOST header: 'fingerprints.bablosoft.com:443'. You may need to add 'fingerprints.bablosoft.com' to ALLOWED_HOSTS.
Invalid HTTP_HOST header: 'fingerprints.bablosoft.com'. You may need to add 'fingerprints.bablosoft.com' to ALLOWED_HOSTS.
Invalid HTTP_HOST header: 'check.best-proxies.ru:443'. You may need to add 'check.best-proxies.ru' to ALLOWED_HOSTS.
Invalid HTTP_HOST header: 'check.best-proxies.ru'. You may need to add 'check.best-proxies.ru' to ALLOWED_HOSTS.
Invalid HTTP_HOST header: 'ip-172-31-3-61.ca-central-1.compute.internal:8001'. You may need to add 'ip-172-31-3-61.ca-central-1.compute.internal' to ALLOWED_HOSTS.
Invalid HTTP_HOST header: 'qzone-music.qq.com'. You may need to add 'qzone-music.qq.com' to ALLOWED_HOSTS.
Invalid HTTP_HOST header: 'ip-172-31-3-61.ca-central-1.compute.internal:8001'. You may need to add 'ip-172-31-3-61.ca-central-1.compute.internal' to ALLOWED_HOSTS.
Invalid HTTP_HOST header: 'txt.go.sohu.com:443'. You may need to add 'txt.go.sohu.com' to ALLOWED_HOSTS.
Invalid HTTP_HOST header: 'opendata.baidu.com:443'. You may need to add 'opendata.baidu.com' to ALLOWED_HOSTS.
Invalid HTTP_HOST header: 'zz.bdstatic.com'. You may need to add 'zz.bdstatic.com' to ALLOWED_HOSTS.
Invalid HTTP_HOST header: 'www.google.es'. You may need to add 'www.google.es' to ALLOWED_HOSTS.
Invalid HTTP_HOST header: 'www.orange.es'. You may need to add 'www.orange.es' to ALLOWED_HOSTS.
Invalid HTTP_HOST header: 'hotmail-com.olc.protection.outlook.com:25'. You may need to add 'hotmail-com.olc.protection.outlook.com' to ALLOWED_HOSTS.
Invalid HTTP_HOST header: '85.206.160.115:80'. You may need to add '85.206.160.115' to ALLOWED_HOSTS.
Invalid HTTP_HOST header: 'ip-172-31-3-61.ca-central-1.compute.internal:8001'. You may need to add 'ip-172-31-3-61.ca-central-1.compute.internal' to ALLOWED_HOSTS.
Invalid HTTP_HOST header: 'api.ipify.org:443'. You may need to add 'api.ipify.org' to ALLOWED_HOSTS.
Invalid HTTP_HOST header: 'api.ipify.org'. You may need to add 'api.ipify.org' to ALLOWED_HOSTS.
Invalid HTTP_HOST header: 'ip-172-31-3-61.ca-central-1.compute.internal:8001'. You may need to add 'ip-172-31-3-61.ca-central-1.compute.internal' to ALLOWED_HOSTS.
Invalid HTTP_HOST header: 'ip-172-31-3-61.ca-central-1.compute.internal:8001'. You may need to add 'ip-172-31-3-61.ca-central-1.compute.internal' to ALLOWED_HOSTS.
Invalid HTTP_HOST header: 'eth0.me:443'. You may need to add 'eth0.me' to ALLOWED_HOSTS.
Invalid HTTP_HOST header: 'eth0.me'. You may need to add 'eth0.me' to ALLOWED_HOSTS.
Invalid HTTP_HOST header: 'ip.bablosoft.com'. You may need to add 'ip.bablosoft.com' to ALLOWED_HOSTS.
Invalid HTTP_HOST header: 'ip-172-31-3-61.ca-central-1.compute.internal:8001'. You may need to add 'ip-172-31-3-61.ca-central-1.compute.internal' to ALLOWED_HOSTS.
Invalid HTTP_HOST header: 'ip-172-31-3-61.ca-central-1.compute.internal:8001'. You may need to add 'ip-172-31-3-61.ca-central-1.compute.internal' to ALLOWED_HOSTS.
Invalid HTTP_HOST header: 'ip-172-31-3-61.ca-central-1.compute.internal:8001'. You may need to add 'ip-172-31-3-61.ca-central-1.compute.internal' to ALLOWED_HOSTS.
Invalid HTTP_HOST header: 'ip-172-31-3-61.ca-central-1.compute.internal:8001'. You may need to add 'ip-172-31-3-61.ca-central-1.compute.internal' to ALLOWED_HOSTS.
Invalid HTTP_HOST header: 'www'. You may need to add 'www' to ALLOWED_HOSTS.
Invalid HTTP_HOST header: 'eth0.me:443'. You may need to add 'eth0.me' to ALLOWED_HOSTS.
Invalid HTTP_HOST header: 'eth0.me'. You may need to add 'eth0.me' to ALLOWED_HOSTS.
Invalid HTTP_HOST header: 'ip-172-31-3-61.ca-central-1.compute.internal:8001'. You may need to add 'ip-172-31-3-61.ca-central-1.compute.internal' to ALLOWED_HOSTS.
Invalid HTTP_HOST header: 'check.best-proxies.ru:443'. You may need to add 'check.best-proxies.ru' to ALLOWED_HOSTS.
Invalid HTTP_HOST header: 'check.best-proxies.ru'. You may need to add 'check.best-proxies.ru' to ALLOWED_HOSTS.
Invalid HTTP_HOST header: 'hotmail-com.olc.protection.outlook.com:25'. You may need to add 'hotmail-com.olc.protection.outlook.com' to ALLOWED_HOSTS.
Invalid HTTP_HOST header: 'ip-172-31-3-61.ca-central-1.compute.internal:8001'. You may need to add 'ip-172-31-3-61.ca-central-1.compute.internal' to ALLOWED_HOSTS.
Invalid HTTP_HOST header: 'ip-172-31-3-61.ca-central-1.compute.internal:8001'. You may need to add 'ip-172-31-3-61.ca-central-1.compute.internal' to ALLOWED_HOSTS.
Invalid HTTP_HOST header: 'ip-172-31-3-61.ca-central-1.compute.internal:8001'. You may need to add 'ip-172-31-3-61.ca-central-1.compute.internal' to ALLOWED_HOSTS.
Invalid HTTP_HOST header: 'ip-172-31-3-61.ca-central-1.compute.internal:8001'. You may need to add 'ip-172-31-3-61.ca-central-1.compute.internal' to ALLOWED_HOSTS.
Invalid HTTP_HOST header: 'ip-172-31-3-61.ca-central-1.compute.internal:8001'. You may need to add 'ip-172-31-3-61.ca-central-1.compute.internal' to ALLOWED_HOSTS.
Invalid HTTP_HOST header: 'ip-172-31-3-61.ca-central-1.compute.internal:8001'. You may need to add 'ip-172-31-3-61.ca-central-1.compute.internal' to ALLOWED_HOSTS.
Invalid HTTP_HOST header: 'ip-172-31-3-61.ca-central-1.compute.internal:8001'. You may need to add 'ip-172-31-3-61.ca-central-1.compute.internal' to ALLOWED_HOSTS.
Invalid HTTP_HOST header: 'ip-172-31-3-61.ca-central-1.compute.internal:8001'. You may need to add 'ip-172-31-3-61.ca-central-1.compute.internal' to ALLOWED_HOSTS.
Invalid HTTP_HOST header: 'ip-172-31-3-61.ca-central-1.compute.internal:8001'. You may need to add 'ip-172-31-3-61.ca-central-1.compute.internal' to ALLOWED_HOSTS.
Invalid HTTP_HOST header: 'www'. You may need to add 'www' to ALLOWED_HOSTS.
Invalid HTTP_HOST header: 'ip-172-31-3-61.ca-central-1.compute.internal:8001'. You may need to add 'ip-172-31-3-61.ca-central-1.compute.internal' to ALLOWED_HOSTS.
Invalid HTTP_HOST header: 'ip-172-31-3-61.ca-central-1.compute.internal:8001'. You may need to add 'ip-172-31-3-61.ca-central-1.compute.internal' to ALLOWED_HOSTS.
Invalid HTTP_HOST header: 'ip-172-31-3-61.ca-central-1.compute.internal:8001'. You may need to add 'ip-172-31-3-61.ca-central-1.compute.internal' to ALLOWED_HOSTS.
Invalid HTTP_HOST header: 'ip-172-31-3-61.ca-central-1.compute.internal:8001'. You may need to add 'ip-172-31-3-61.ca-central-1.compute.internal' to ALLOWED_HOSTS.
Invalid HTTP_HOST header: 'ip-172-31-3-61.ca-central-1.compute.internal:8001'. You may need to add 'ip-172-31-3-61.ca-central-1.compute.internal' to ALLOWED_HOSTS.
Invalid HTTP_HOST header: 'ip-172-31-3-61.ca-central-1.compute.internal:8001'. You may need to add 'ip-172-31-3-61.ca-central-1.compute.internal' to ALLOWED_HOSTS.
Invalid HTTP_HOST header: 'www'. You may need to add 'www' to ALLOWED_HOSTS.
Invalid HTTP_HOST header: 'ip-172-31-3-61.ca-central-1.compute.internal:8001'. You may need to add 'ip-172-31-3-61.ca-central-1.compute.internal' to ALLOWED_HOSTS.
Invalid HTTP_HOST header: 'hotmail-com.olc.protection.outlook.com:25'. You may need to add 'hotmail-com.olc.protection.outlook.com' to ALLOWED_HOSTS.
Invalid HTTP_HOST header: '85.206.160.115:80'. You may need to add '85.206.160.115' to ALLOWED_HOSTS.
Invalid HTTP_HOST header: 'ip-172-31-3-61.ca-central-1.compute.internal:8001'. You may need to add 'ip-172-31-3-61.ca-central-1.compute.internal' to ALLOWED_HOSTS.
Invalid HTTP_HOST header: 'ec2-35-182-169-92.ca-central-1.compute.amazonaws.com:8001'. You may need to add 'ec2-35-182-169-92.ca-central-1.compute.amazonaws.com' to ALLOWED_HOSTS.
Invalid HTTP_HOST header: 'ec2-35-182-169-92.ca-central-1.compute.amazonaws.com:8001'. You may need to add 'ec2-35-182-169-92.ca-central-1.compute.amazonaws.com' to ALLOWED_HOSTS.
Invalid HTTP_HOST header: 'ec2-35-182-169-92.ca-central-1.compute.amazonaws.com:8001'. You may need to add 'ec2-35-182-169-92.ca-central-1.compute.amazonaws.com' to ALLOWED_HOSTS.
Invalid HTTP_HOST header: 'hotmail-com.olc.protection.outlook.com:25'. You may need to add 'hotmail-com.olc.protection.outlook.com' to ALLOWED_HOSTS.
Invalid HTTP_HOST header: '85.206.160.115:80'. You may need to add '85.206.160.115' to ALLOWED_HOSTS.
Invalid HTTP_HOST header: 'ip-172-31-3-61.ca-central-1.compute.internal:8001'. You may need to add 'ip-172-31-3-61.ca-central-1.compute.internal' to ALLOWED_HOSTS.
Invalid HTTP_HOST header: 'ip-172-31-3-61.ca-central-1.compute.internal:8001'. You may need to add 'ip-172-31-3-61.ca-central-1.compute.internal' to ALLOWED_HOSTS.
Invalid HTTP_HOST header: 'ip-172-31-3-61.ca-central-1.compute.internal:8001'. You may need to add 'ip-172-31-3-61.ca-central-1.compute.internal' to ALLOWED_HOSTS.
Invalid HTTP_HOST header: 'www'. You may need to add 'www' to ALLOWED_HOSTS.
Invalid HTTP_HOST header: 'ip-172-31-3-61.ca-central-1.compute.internal:8001'. You may need to add 'ip-172-31-3-61.ca-central-1.compute.internal' to ALLOWED_HOSTS.
Invalid HTTP_HOST header: 'ip-172-31-3-61.ca-central-1.compute.internal:8001'. You may need to add 'ip-172-31-3-61.ca-central-1.compute.internal' to ALLOWED_HOSTS.
Invalid HTTP_HOST header: 'ip-172-31-3-61.ca-central-1.compute.internal:8001'. You may need to add 'ip-172-31-3-61.ca-central-1.compute.internal' to ALLOWED_HOSTS.
Invalid HTTP_HOST header: 'ip-172-31-3-61.ca-central-1.compute.internal:8001'. You may need to add 'ip-172-31-3-61.ca-central-1.compute.internal' to ALLOWED_HOSTS.
Invalid HTTP_HOST header: 'ip-172-31-3-61.ca-central-1.compute.internal:8001'. You may need to add 'ip-172-31-3-61.ca-central-1.compute.internal' to ALLOWED_HOSTS.
Invalid HTTP_HOST header: 'ip-172-31-3-61.ca-central-1.compute.internal:8001'. You may need to add 'ip-172-31-3-61.ca-central-1.compute.internal' to ALLOWED_HOSTS.
Invalid HTTP_HOST header: 'ip-172-31-3-61.ca-central-1.compute.internal:8001'. You may need to add 'ip-172-31-3-61.ca-central-1.compute.internal' to ALLOWED_HOSTS.
Invalid HTTP_HOST header: 'ip-172-31-3-61.ca-central-1.compute.internal:8001'. You may need to add 'ip-172-31-3-61.ca-central-1.compute.internal' to ALLOWED_HOSTS.
Invalid HTTP_HOST header: 'ec2-35-182-169-92.ca-central-1.compute.amazonaws.com:8001'. You may need to add 'ec2-35-182-169-92.ca-central-1.compute.amazonaws.com' to ALLOWED_HOSTS.
Invalid HTTP_HOST header: 'ec2-35-182-169-92.ca-central-1.compute.amazonaws.com:8001'. You may need to add 'ec2-35-182-169-92.ca-central-1.compute.amazonaws.com' to ALLOWED_HOSTS.
Invalid HTTP_HOST header: 'ec2-35-182-169-92.ca-central-1.compute.amazonaws.com:8001'. You may need to add 'ec2-35-182-169-92.ca-central-1.compute.amazonaws.com' to ALLOWED_HOSTS.
Invalid HTTP_HOST header: 'ip-172-31-3-61.ca-central-1.compute.internal:8001'. You may need to add 'ip-172-31-3-61.ca-central-1.compute.internal' to ALLOWED_HOSTS.
Invalid HTTP_HOST header: 'ip-172-31-3-61.ca-central-1.compute.internal:8001'. You may need to add 'ip-172-31-3-61.ca-central-1.compute.internal' to ALLOWED_HOSTS.
Invalid HTTP_HOST header: 'ip-172-31-3-61.ca-central-1.compute.internal:8001'. You may need to add 'ip-172-31-3-61.ca-central-1.compute.internal' to ALLOWED_HOSTS.
Invalid HTTP_HOST header: 'ip-172-31-3-61.ca-central-1.compute.internal:8001'. You may need to add 'ip-172-31-3-61.ca-central-1.compute.internal' to ALLOWED_HOSTS.
Invalid HTTP_HOST header: 'ip-172-31-3-61.ca-central-1.compute.internal:8001'. You may need to add 'ip-172-31-3-61.ca-central-1.compute.internal' to ALLOWED_HOSTS.
Invalid HTTP_HOST header: 'www'. You may need to add 'www' to ALLOWED_HOSTS.
Invalid HTTP_HOST header: 'ip-172-31-3-61.ca-central-1.compute.internal:8001'. You may need to add 'ip-172-31-3-61.ca-central-1.compute.internal' to ALLOWED_HOSTS.
Invalid HTTP_HOST header: 'ip-172-31-3-61.ca-central-1.compute.internal:8001'. You may need to add 'ip-172-31-3-61.ca-central-1.compute.internal' to ALLOWED_HOSTS.
Invalid HTTP_HOST header: 'ip-172-31-3-61.ca-central-1.compute.internal:8001'. You may need to add 'ip-172-31-3-61.ca-central-1.compute.internal' to ALLOWED_HOSTS.
Invalid HTTP_HOST header: 'ip-172-31-3-61.ca-central-1.compute.internal:8001'. You may need to add 'ip-172-31-3-61.ca-central-1.compute.internal' to ALLOWED_HOSTS.
Invalid HTTP_HOST header: 'ip-172-31-3-61.ca-central-1.compute.internal:8001'. You may need to add 'ip-172-31-3-61.ca-central-1.compute.internal' to ALLOWED_HOSTS.
Invalid HTTP_HOST header: 'hotmail-com.olc.protection.outlook.com:25'. You may need to add 'hotmail-com.olc.protection.outlook.com' to ALLOWED_HOSTS.
Invalid HTTP_HOST header: '85.206.160.115:80'. You may need to add '85.206.160.115' to ALLOWED_HOSTS.
Invalid HTTP_HOST header: 'ip-172-31-3-61.ca-central-1.compute.internal:8001'. You may need to add 'ip-172-31-3-61.ca-central-1.compute.internal' to ALLOWED_HOSTS.
Invalid HTTP_HOST header: 'ip-172-31-3-61.ca-central-1.compute.internal:8001'. You may need to add 'ip-172-31-3-61.ca-central-1.compute.internal' to ALLOWED_HOSTS.
Invalid HTTP_HOST header: 'ip-172-31-3-61.ca-central-1.compute.internal:8001'. You may need to add 'ip-172-31-3-61.ca-central-1.compute.internal' to ALLOWED_HOSTS.
Invalid HTTP_HOST header: 'ip-172-31-3-61.ca-central-1.compute.internal:8001'. You may need to add 'ip-172-31-3-61.ca-central-1.compute.internal' to ALLOWED_HOSTS.
Invalid HTTP_HOST header: 'ip-172-31-3-61.ca-central-1.compute.internal:8001'. You may need to add 'ip-172-31-3-61.ca-central-1.compute.internal' to ALLOWED_HOSTS.
Invalid HTTP_HOST header: 'ip-172-31-3-61.ca-central-1.compute.internal:8001'. You may need to add 'ip-172-31-3-61.ca-central-1.compute.internal' to ALLOWED_HOSTS.
Invalid HTTP_HOST header: 'ip-172-31-3-61.ca-central-1.compute.internal:8001'. You may need to add 'ip-172-31-3-61.ca-central-1.compute.internal' to ALLOWED_HOSTS.
Invalid HTTP_HOST header: 'ip-172-31-3-61.ca-central-1.compute.internal:8001'. You may need to add 'ip-172-31-3-61.ca-central-1.compute.internal' to ALLOWED_HOSTS.
Invalid HTTP_HOST header: 'ip-172-31-3-61.ca-central-1.compute.internal:8001'. You may need to add 'ip-172-31-3-61.ca-central-1.compute.internal' to ALLOWED_HOSTS.
Invalid HTTP_HOST header: 'www'. You may need to add 'www' to ALLOWED_HOSTS.
Invalid HTTP_HOST header: 'ip-172-31-3-61.ca-central-1.compute.internal:8001'. You may need to add 'ip-172-31-3-61.ca-central-1.compute.internal' to ALLOWED_HOSTS.
Invalid HTTP_HOST header: 'ip-172-31-3-61.ca-central-1.compute.internal:8001'. You may need to add 'ip-172-31-3-61.ca-central-1.compute.internal' to ALLOWED_HOSTS.
Invalid HTTP_HOST header: 'ip-172-31-3-61.ca-central-1.compute.internal:8001'. You may need to add 'ip-172-31-3-61.ca-central-1.compute.internal' to ALLOWED_HOSTS.
Invalid HTTP_HOST header: 'ip-172-31-3-61.ca-central-1.compute.internal:8001'. You may need to add 'ip-172-31-3-61.ca-central-1.compute.internal' to ALLOWED_HOSTS.
Invalid HTTP_HOST header: 'ip-172-31-3-61.ca-central-1.compute.internal:8001'. You may need to add 'ip-172-31-3-61.ca-central-1.compute.internal' to ALLOWED_HOSTS.
Invalid HTTP_HOST header: 'ip-172-31-3-61.ca-central-1.compute.internal:8001'. You may need to add 'ip-172-31-3-61.ca-central-1.compute.internal' to ALLOWED_HOSTS.
Invalid HTTP_HOST header: 'www'. You may need to add 'www' to ALLOWED_HOSTS.
Invalid HTTP_HOST header: 'ip-172-31-3-61.ca-central-1.compute.internal:8001'. You may need to add 'ip-172-31-3-61.ca-central-1.compute.internal' to ALLOWED_HOSTS.
Invalid HTTP_HOST header: 'ip-172-31-3-61.ca-central-1.compute.internal:8001'. You may need to add 'ip-172-31-3-61.ca-central-1.compute.internal' to ALLOWED_HOSTS.
Invalid HTTP_HOST header: 'ip-172-31-3-61.ca-central-1.compute.internal:8001'. You may need to add 'ip-172-31-3-61.ca-central-1.compute.internal' to ALLOWED_HOSTS.
Invalid HTTP_HOST header: 'ip-172-31-3-61.ca-central-1.compute.internal:8001'. You may need to add 'ip-172-31-3-61.ca-central-1.compute.internal' to ALLOWED_HOSTS.
Invalid HTTP_HOST header: 'ip-172-31-3-61.ca-central-1.compute.internal:8001'. You may need to add 'ip-172-31-3-61.ca-central-1.compute.internal' to ALLOWED_HOSTS.
Invalid HTTP_HOST header: 'ip-172-31-3-61.ca-central-1.compute.internal:8001'. You may need to add 'ip-172-31-3-61.ca-central-1.compute.internal' to ALLOWED_HOSTS.
Invalid HTTP_HOST header: 'ip-172-31-3-61.ca-central-1.compute.internal:8001'. You may need to add 'ip-172-31-3-61.ca-central-1.compute.internal' to ALLOWED_HOSTS.
Invalid HTTP_HOST header: 'ip-172-31-3-61.ca-central-1.compute.internal:8001'. You may need to add 'ip-172-31-3-61.ca-central-1.compute.internal' to ALLOWED_HOSTS.
Invalid HTTP_HOST header: 'ip-172-31-3-61.ca-central-1.compute.internal:8001'. You may need to add 'ip-172-31-3-61.ca-central-1.compute.internal' to ALLOWED_HOSTS.
Invalid HTTP_HOST header: 'fingerprints.bablosoft.com:443'. You may need to add 'fingerprints.bablosoft.com' to ALLOWED_HOSTS.
Invalid HTTP_HOST header: 'fingerprints.bablosoft.com'. You may need to add 'fingerprints.bablosoft.com' to ALLOWED_HOSTS.
Invalid HTTP_HOST header: 'example.com:80'. You may need to add 'example.com' to ALLOWED_HOSTS.
Invalid HTTP_HOST header: 'ip-172-31-3-61.ca-central-1.compute.internal:8001'. You may need to add 'ip-172-31-3-61.ca-central-1.compute.internal' to ALLOWED_HOSTS.
Invalid HTTP_HOST header: 'ip-172-31-3-61.ca-central-1.compute.internal:8001'. You may need to add 'ip-172-31-3-61.ca-central-1.compute.internal' to ALLOWED_HOSTS.
Invalid HTTP_HOST header: 'ip-172-31-3-61.ca-central-1.compute.internal:8001'. You may need to add 'ip-172-31-3-61.ca-central-1.compute.internal' to ALLOWED_HOSTS.
Invalid HTTP_HOST header: 'ip-172-31-3-61.ca-central-1.compute.internal:8001'. You may need to add 'ip-172-31-3-61.ca-central-1.compute.internal' to ALLOWED_HOSTS.
Invalid HTTP_HOST header: 'ip-172-31-3-61.ca-central-1.compute.internal:8001'. You may need to add 'ip-172-31-3-61.ca-central-1.compute.internal' to ALLOWED_HOSTS.
Invalid HTTP_HOST header: 'api.ipify.org'. You may need to add 'api.ipify.org' to ALLOWED_HOSTS.
Invalid HTTP_HOST header: 'ip-172-31-3-61.ca-central-1.compute.internal:8001'. You may need to add 'ip-172-31-3-61.ca-central-1.compute.internal' to ALLOWED_HOSTS.
Invalid HTTP_HOST header: 'ip-172-31-3-61.ca-central-1.compute.internal:8001'. You may need to add 'ip-172-31-3-61.ca-central-1.compute.internal' to ALLOWED_HOSTS.
Invalid HTTP_HOST header: 'ip-172-31-3-61.ca-central-1.compute.internal:8001'. You may need to add 'ip-172-31-3-61.ca-central-1.compute.internal' to ALLOWED_HOSTS.
Invalid HTTP_HOST header: 'ip-172-31-3-61.ca-central-1.compute.internal:8001'. You may need to add 'ip-172-31-3-61.ca-central-1.compute.internal' to ALLOWED_HOSTS.
Invalid HTTP_HOST header: 'www'. You may need to add 'www' to ALLOWED_HOSTS.
Invalid HTTP_HOST header: 'ip-172-31-3-61.ca-central-1.compute.internal:8001'. You may need to add 'ip-172-31-3-61.ca-central-1.compute.internal' to ALLOWED_HOSTS.
Invalid HTTP_HOST header: 'api.ipify.org'. You may need to add 'api.ipify.org' to ALLOWED_HOSTS.
Invalid HTTP_HOST header: 'api.ipify.org'. You may need to add 'api.ipify.org' to ALLOWED_HOSTS.
Invalid HTTP_HOST header: 'api.ipify.org'. You may need to add 'api.ipify.org' to ALLOWED_HOSTS.
Invalid HTTP_HOST header: 'api.ipify.org'. You may need to add 'api.ipify.org' to ALLOWED_HOSTS.
Invalid HTTP_HOST header: 'ip-172-31-3-61.ca-central-1.compute.internal:8001'. You may need to add 'ip-172-31-3-61.ca-central-1.compute.internal' to ALLOWED_HOSTS.
Invalid HTTP_HOST header: 'ip-172-31-3-61.ca-central-1.compute.internal:8001'. You may need to add 'ip-172-31-3-61.ca-central-1.compute.internal' to ALLOWED_HOSTS.
Invalid HTTP_HOST header: 'ip-172-31-3-61.ca-central-1.compute.internal:8001'. You may need to add 'ip-172-31-3-61.ca-central-1.compute.internal' to ALLOWED_HOSTS.
Invalid HTTP_HOST header: 'www'. You may need to add 'www' to ALLOWED_HOSTS.
Invalid HTTP_HOST header: 'ip-172-31-3-61.ca-central-1.compute.internal:8001'. You may need to add 'ip-172-31-3-61.ca-central-1.compute.internal' to ALLOWED_HOSTS.
Invalid HTTP_HOST header: 'api.ipify.org'. You may need to add 'api.ipify.org' to ALLOWED_HOSTS.
Invalid HTTP_HOST header: '154.221.20.190'. You may need to add '154.221.20.190' to ALLOWED_HOSTS.
Invalid HTTP_HOST header: 'ip-172-31-3-61.ca-central-1.compute.internal:8001'. You may need to add 'ip-172-31-3-61.ca-central-1.compute.internal' to ALLOWED_HOSTS.
Invalid HTTP_HOST header: 'ip-172-31-3-61.ca-central-1.compute.internal:8001'. You may need to add 'ip-172-31-3-61.ca-central-1.compute.internal' to ALLOWED_HOSTS.
Invalid HTTP_HOST header: 'ip-172-31-3-61.ca-central-1.compute.internal:8001'. You may need to add 'ip-172-31-3-61.ca-central-1.compute.internal' to ALLOWED_HOSTS.
Invalid HTTP_HOST header: 'api.ipify.org'. You may need to add 'api.ipify.org' to ALLOWED_HOSTS.
Invalid HTTP_HOST header: 'ip-172-31-3-61.ca-central-1.compute.internal:8001'. You may need to add 'ip-172-31-3-61.ca-central-1.compute.internal' to ALLOWED_HOSTS.
Invalid HTTP_HOST header: 'ip-172-31-3-61.ca-central-1.compute.internal:8001'. You may need to add 'ip-172-31-3-61.ca-central-1.compute.internal' to ALLOWED_HOSTS.
Invalid HTTP_HOST header: 'ip-172-31-3-61.ca-central-1.compute.internal:8001'. You may need to add 'ip-172-31-3-61.ca-central-1.compute.internal' to ALLOWED_HOSTS.
Invalid HTTP_HOST header: 'www'. You may need to add 'www' to ALLOWED_HOSTS.
Invalid HTTP_HOST header: 'api.ipify.org'. You may need to add 'api.ipify.org' to ALLOWED_HOSTS.
Invalid HTTP_HOST header: 'www.shadowserver.org'. You may need to add 'www.shadowserver.org' to ALLOWED_HOSTS.
Invalid HTTP_HOST header: 'ip-172-31-3-61.ca-central-1.compute.internal:8001'. You may need to add 'ip-172-31-3-61.ca-central-1.compute.internal' to ALLOWED_HOSTS.
Invalid HTTP_HOST header: '85.206.160.115:80'. You may need to add '85.206.160.115' to ALLOWED_HOSTS.
Invalid HTTP_HOST header: 'api.ipify.org'. You may need to add 'api.ipify.org' to ALLOWED_HOSTS.
Invalid HTTP_HOST header: 'www.shadowserver.org'. You may need to add 'www.shadowserver.org' to ALLOWED_HOSTS.
Invalid HTTP_HOST header: 'api.ipify.org'. You may need to add 'api.ipify.org' to ALLOWED_HOSTS.
